[2026-04-07 01:44:16] [[31merror[39m] : Error: aborted
    at abortIncoming (node:_http_server:809:17)
    at socketOnClose (node:_http_server:803:3)
    at Socket.emit (node:events:536:35)
    at TCP.<anonymous> (node:net:351:12)
    at TCP.callbackTrampoline (node:internal/async_hooks:130:17) | meta: {"error":{"code":"ECONNRESET"},"exception":true,"date":"Tue Apr 07 2026 01:44:16 GMT+0500 (Pakistan Standard Time)","process":{"pid":4924,"uid":null,"gid":null,"cwd":"C:\\Users\\shahzaib sheikh\\OneDrive\\Documents\\Desktop\\Shahzaib\\Udemy\\bookified","execPath":"C:\\nvm4w\\nodejs\\node.exe","version":"v22.13.1","argv":["C:\\nvm4w\\nodejs\\node.exe","C:\\Users\\shahzaib sheikh\\OneDrive\\Documents\\Desktop\\Shahzaib\\Udemy\\bookified\\node_modules\\.pnpm\\next@16.2.1_@babel+core@7.2_362c6897e98f78157a7f59905ed20b55\\node_modules\\next\\dist\\server\\lib\\start-server.js"],"memoryUsage":{"rss":1262743552,"heapTotal":677752832,"heapUsed":483412416,"external":24751874,"arrayBuffers":19483306}},"os":{"loadavg":[0,0,0],"uptime":686850.125},"trace":[{"column":17,"file":"node:_http_server","function":"abortIncoming","line":809,"method":null,"native":false},{"column":3,"file":"node:_http_server","function":"socketOnClose","line":803,"method":null,"native":false},{"column":35,"file":"node:events","function":"Socket.emit","line":536,"method":"emit","native":false},{"column":12,"file":"node:net","function":null,"line":351,"method":null,"native":false},{"column":17,"file":"node:internal/async_hooks","function":"TCP.callbackTrampoline","line":130,"method":"callbackTrampoline","native":false}],"service":"minest-api"}
[2026-04-07 01:44:16] [[31merror[39m] : Error: aborted
    at abortIncoming (node:_http_server:809:17)
    at socketOnClose (node:_http_server:803:3)
    at Socket.emit (node:events:536:35)
    at TCP.<anonymous> (node:net:351:12)
    at TCP.callbackTrampoline (node:internal/async_hooks:130:17) | meta: {"error":{"code":"ECONNRESET"},"exception":true,"date":"Tue Apr 07 2026 01:44:16 GMT+0500 (Pakistan Standard Time)","process":{"pid":4924,"uid":null,"gid":null,"cwd":"C:\\Users\\shahzaib sheikh\\OneDrive\\Documents\\Desktop\\Shahzaib\\Udemy\\bookified","execPath":"C:\\nvm4w\\nodejs\\node.exe","version":"v22.13.1","argv":["C:\\nvm4w\\nodejs\\node.exe","C:\\Users\\shahzaib sheikh\\OneDrive\\Documents\\Desktop\\Shahzaib\\Udemy\\bookified\\node_modules\\.pnpm\\next@16.2.1_@babel+core@7.2_362c6897e98f78157a7f59905ed20b55\\node_modules\\next\\dist\\server\\lib\\start-server.js"],"memoryUsage":{"rss":1262755840,"heapTotal":677752832,"heapUsed":483507488,"external":24760090,"arrayBuffers":19491522}},"os":{"loadavg":[0,0,0],"uptime":686850.125},"trace":[{"column":17,"file":"node:_http_server","function":"abortIncoming","line":809,"method":null,"native":false},{"column":3,"file":"node:_http_server","function":"socketOnClose","line":803,"method":null,"native":false},{"column":35,"file":"node:events","function":"Socket.emit","line":536,"method":"emit","native":false},{"column":12,"file":"node:net","function":null,"line":351,"method":null,"native":false},{"column":17,"file":"node:internal/async_hooks","function":"TCP.callbackTrampoline","line":130,"method":"callbackTrampoline","native":false}],"service":"minest-api"}
[2026-04-07 01:44:16] [[31merror[39m] : Error: aborted
    at abortIncoming (node:_http_server:809:17)
    at socketOnClose (node:_http_server:803:3)
    at Socket.emit (node:events:536:35)
    at TCP.<anonymous> (node:net:351:12)
    at TCP.callbackTrampoline (node:internal/async_hooks:130:17) | meta: {"error":{"code":"ECONNRESET"},"exception":true,"date":"Tue Apr 07 2026 01:44:16 GMT+0500 (Pakistan Standard Time)","process":{"pid":4924,"uid":null,"gid":null,"cwd":"C:\\Users\\shahzaib sheikh\\OneDrive\\Documents\\Desktop\\Shahzaib\\Udemy\\bookified","execPath":"C:\\nvm4w\\nodejs\\node.exe","version":"v22.13.1","argv":["C:\\nvm4w\\nodejs\\node.exe","C:\\Users\\shahzaib sheikh\\OneDrive\\Documents\\Desktop\\Shahzaib\\Udemy\\bookified\\node_modules\\.pnpm\\next@16.2.1_@babel+core@7.2_362c6897e98f78157a7f59905ed20b55\\node_modules\\next\\dist\\server\\lib\\start-server.js"],"memoryUsage":{"rss":1262759936,"heapTotal":677752832,"heapUsed":483570864,"external":24760090,"arrayBuffers":19491522}},"os":{"loadavg":[0,0,0],"uptime":686850.14},"trace":[{"column":17,"file":"node:_http_server","function":"abortIncoming","line":809,"method":null,"native":false},{"column":3,"file":"node:_http_server","function":"socketOnClose","line":803,"method":null,"native":false},{"column":35,"file":"node:events","function":"Socket.emit","line":536,"method":"emit","native":false},{"column":12,"file":"node:net","function":null,"line":351,"method":null,"native":false},{"column":17,"file":"node:internal/async_hooks","function":"TCP.callbackTrampoline","line":130,"method":"callbackTrampoline","native":false}],"service":"minest-api"}
[2026-04-07 01:44:16] [[31merror[39m] : Error: aborted
    at abortIncoming (node:_http_server:809:17)
    at socketOnClose (node:_http_server:803:3)
    at Socket.emit (node:events:536:35)
    at TCP.<anonymous> (node:net:351:12)
    at TCP.callbackTrampoline (node:internal/async_hooks:130:17) | meta: {"error":{"code":"ECONNRESET"},"exception":true,"date":"Tue Apr 07 2026 01:44:16 GMT+0500 (Pakistan Standard Time)","process":{"pid":4924,"uid":null,"gid":null,"cwd":"C:\\Users\\shahzaib sheikh\\OneDrive\\Documents\\Desktop\\Shahzaib\\Udemy\\bookified","execPath":"C:\\nvm4w\\nodejs\\node.exe","version":"v22.13.1","argv":["C:\\nvm4w\\nodejs\\node.exe","C:\\Users\\shahzaib sheikh\\OneDrive\\Documents\\Desktop\\Shahzaib\\Udemy\\bookified\\node_modules\\.pnpm\\next@16.2.1_@babel+core@7.2_362c6897e98f78157a7f59905ed20b55\\node_modules\\next\\dist\\server\\lib\\start-server.js"],"memoryUsage":{"rss":1262764032,"heapTotal":677752832,"heapUsed":483636176,"external":24760090,"arrayBuffers":19491522}},"os":{"loadavg":[0,0,0],"uptime":686850.14},"trace":[{"column":17,"file":"node:_http_server","function":"abortIncoming","line":809,"method":null,"native":false},{"column":3,"file":"node:_http_server","function":"socketOnClose","line":803,"method":null,"native":false},{"column":35,"file":"node:events","function":"Socket.emit","line":536,"method":"emit","native":false},{"column":12,"file":"node:net","function":null,"line":351,"method":null,"native":false},{"column":17,"file":"node:internal/async_hooks","function":"TCP.callbackTrampoline","line":130,"method":"callbackTrampoline","native":false}],"service":"minest-api"}
[2026-04-07 01:44:16] [[31merror[39m] : Error: aborted
    at abortIncoming (node:_http_server:809:17)
    at socketOnClose (node:_http_server:803:3)
    at Socket.emit (node:events:536:35)
    at TCP.<anonymous> (node:net:351:12)
    at TCP.callbackTrampoline (node:internal/async_hooks:130:17) | meta: {"error":{"code":"ECONNRESET"},"exception":true,"date":"Tue Apr 07 2026 01:44:16 GMT+0500 (Pakistan Standard Time)","process":{"pid":4924,"uid":null,"gid":null,"cwd":"C:\\Users\\shahzaib sheikh\\OneDrive\\Documents\\Desktop\\Shahzaib\\Udemy\\bookified","execPath":"C:\\nvm4w\\nodejs\\node.exe","version":"v22.13.1","argv":["C:\\nvm4w\\nodejs\\node.exe","C:\\Users\\shahzaib sheikh\\OneDrive\\Documents\\Desktop\\Shahzaib\\Udemy\\bookified\\node_modules\\.pnpm\\next@16.2.1_@babel+core@7.2_362c6897e98f78157a7f59905ed20b55\\node_modules\\next\\dist\\server\\lib\\start-server.js"],"memoryUsage":{"rss":1262772224,"heapTotal":677752832,"heapUsed":483696472,"external":24760090,"arrayBuffers":19491522}},"os":{"loadavg":[0,0,0],"uptime":686850.156},"trace":[{"column":17,"file":"node:_http_server","function":"abortIncoming","line":809,"method":null,"native":false},{"column":3,"file":"node:_http_server","function":"socketOnClose","line":803,"method":null,"native":false},{"column":35,"file":"node:events","function":"Socket.emit","line":536,"method":"emit","native":false},{"column":12,"file":"node:net","function":null,"line":351,"method":null,"native":false},{"column":17,"file":"node:internal/async_hooks","function":"TCP.callbackTrampoline","line":130,"method":"callbackTrampoline","native":false}],"service":"minest-api"}
